<?xml version="1.0" encoding="utf-8"?>
<coverage line-rate="0.4718" branch-rate="0.5" version="1.9" timestamp="1759417757" lines-covered="520" lines-valid="1102" branches-covered="127" branches-valid="254">
  <sources>
    <source>C:\Users\aquesad1\OneDrive - Intel Corporation\Desktop\applications.manufacturing.lab-tools.sum-pcs\PPV\SystemUtilizationMonitor\</source>
  </sources>
  <packages>
    <package name="SystemUtilizationMonitor" line-rate="0.4718" branch-rate="0.5" complexity="346">
      <classes>
        <class name="SystemUtilizationMonitor.Utilities.CustomJsonSerializer" filename="Utilities\CustomJsonSerializer.cs" line-rate="1" branch-rate="1" complexity="4">
          <methods>
            <method name="Serialize" signature="(SystemUtilizationMonitor.Models.UtilizationTimeFrame)" line-rate="1" branch-rate="1" complexity="2">
              <lines>
                <line number="12" hits="12" branch="False" />
                <line number="13" hits="12" branch="False" />
                <line number="16" hits="12" branch="False" />
                <line number="17" hits="12" branch="False" />
                <line number="18" hits="12" branch="False" />
                <line number="19" hits="12" branch="False" />
                <line number="20" hits="12" branch="False" />
                <line number="21" hits="12" branch="False" />
                <line number="30" hits="12" branch="True" condition-coverage="100% (2/2)">
                  <conditions>
                    <condition number="241" type="jump" coverage="100%" />
                  </conditions>
                </line>
                <line number="31" hits="7" branch="False" />
                <line number="32" hits="7" branch="False" />
                <line number="33" hits="7" branch="False" />
                <line number="35" hits="5" branch="False" />
                <line number="36" hits="5" branch="False" />
                <line number="37" hits="5" branch="False" />
                <line number="39" hits="12" branch="False" />
                <line number="40" hits="12" branch="False" />
              </lines>
            </method>
            <method name="EscapeJson" signature="(System.String)" line-rate="1" branch-rate="1" complexity="2">
              <lines>
                <line number="43" hits="17" branch="False" />
                <line number="44" hits="17" branch="True" condition-coverage="100% (2/2)">
                  <conditions>
                    <condition number="9" type="jump" coverage="100%" />
                  </conditions>
                </line>
                <line number="45" hits="1" branch="False" />
                <line number="47" hits="16" branch="False" />
                <line number="48" hits="16" branch="False" />
                <line number="49" hits="16" branch="False" />
                <line number="50" hits="16" branch="False" />
                <line number="51" hits="16" branch="False" />
                <line number="52" hits="17" branch="False" />
              </lines>
            </method>
          </methods>
          <lines>
            <line number="12" hits="12" branch="False" />
            <line number="13" hits="12" branch="False" />
            <line number="16" hits="12" branch="False" />
            <line number="17" hits="12" branch="False" />
            <line number="18" hits="12" branch="False" />
            <line number="19" hits="12" branch="False" />
            <line number="20" hits="12" branch="False" />
            <line number="21" hits="12" branch="False" />
            <line number="30" hits="12" branch="True" condition-coverage="100% (2/2)">
              <conditions>
                <condition number="241" type="jump" coverage="100%" />
              </conditions>
            </line>
            <line number="31" hits="7" branch="False" />
            <line number="32" hits="7" branch="False" />
            <line number="33" hits="7" branch="False" />
            <line number="35" hits="5" branch="False" />
            <line number="36" hits="5" branch="False" />
            <line number="37" hits="5" branch="False" />
            <line number="39" hits="12" branch="False" />
            <line number="40" hits="12" branch="False" />
            <line number="43" hits="17" branch="False" />
            <line number="44" hits="17" branch="True" condition-coverage="100% (2/2)">
              <conditions>
                <condition number="9" type="jump" coverage="100%" />
              </conditions>
            </line>
            <line number="45" hits="1" branch="False" />
            <line number="47" hits="16" branch="False" />
            <line number="48" hits="16" branch="False" />
            <line number="49" hits="16" branch="False" />
            <line number="50" hits="16" branch="False" />
            <line number="51" hits="16" branch="False" />
            <line number="52" hits="17" branch="False" />
          </lines>
        </class>
        <class name="SystemUtilizationMonitor.Utilities.FileSystemOperations" filename="Utilities\TestableWrappers.cs" line-rate="1" branch-rate="1" complexity="9">
          <methods>
            <method name="FileExists" signature="(System.String)" line-rate="1" branch-rate="1" complexity="1">
              <lines>
                <line number="29" hits="10" branch="False" />
              </lines>
            </method>
            <method name="DirectoryExists" signature="(System.String)" line-rate="1" branch-rate="1" complexity="1">
              <lines>
                <line number="30" hits="14" branch="False" />
              </lines>
            </method>
            <method name="ReadAllText" signature="(System.String)" line-rate="1" branch-rate="1" complexity="1">
              <lines>
                <line number="31" hits="4" branch="False" />
              </lines>
            </method>
            <method name="WriteAllText" signature="(System.String,System.String)" line-rate="1" branch-rate="1" complexity="1">
              <lines>
                <line number="32" hits="6" branch="False" />
              </lines>
            </method>
            <method name="AppendAllText" signature="(System.String,System.String)" line-rate="1" branch-rate="1" complexity="1">
              <lines>
                <line number="33" hits="9" branch="False" />
              </lines>
            </method>
            <method name="ReadAllLines" signature="(System.String)" line-rate="1" branch-rate="1" complexity="1">
              <lines>
                <line number="34" hits="4" branch="False" />
              </lines>
            </method>
            <method name="CreateDirectory" signature="(System.String)" line-rate="1" branch-rate="1" complexity="1">
              <lines>
                <line number="35" hits="2" branch="False" />
              </lines>
            </method>
            <method name="DeleteFile" signature="(System.String)" line-rate="1" branch-rate="1" complexity="1">
              <lines>
                <line number="36" hits="1" branch="False" />
              </lines>
            </method>
            <method name="GetLastWriteTime" signature="(System.String)" line-rate="1" branch-rate="1" complexity="1">
              <lines>
                <line number="37" hits="1" branch="False" />
              </lines>
            </method>
          </methods>
          <lines>
            <line number="29" hits="10" branch="False" />
            <line number="30" hits="14" branch="False" />
            <line number="31" hits="4" branch="False" />
            <line number="32" hits="6" branch="False" />
            <line number="33" hits="9" branch="False" />
            <line number="34" hits="4" branch="False" />
            <line number="35" hits="2" branch="False" />
            <line number="36" hits="1" branch="False" />
            <line number="37" hits="1" branch="False" />
          </lines>
        </class>
        <class name="SystemUtilizationMonitor.Utilities.ConfigurationLoader" filename="Utilities\TestableWrappers.cs" line-rate="1" branch-rate="0.75" complexity="11">
          <methods>
            <method name="LoadConfiguration" signature="(System.String)" line-rate="1" branch-rate="0.75" complexity="4">
              <lines>
                <line number="55" hits="4" branch="False" />
                <line number="56" hits="4" branch="True" condition-coverage="100% (2/2)">
                  <conditions>
                    <condition number="18" type="jump" coverage="100%" />
                  </conditions>
                </line>
                <line number="57" hits="1" branch="False" />
                <line number="58" hits="1" branch="False" />
                <line number="62" hits="3" branch="False" />
                <line number="63" hits="3" branch="False" />
                <line number="64" hits="3" branch="True" condition-coverage="50% (1/2)">
                  <conditions>
                    <condition number="52" type="jump" coverage="50%" />
                  </conditions>
                </line>
                <line number="65" hits="3" branch="False" />
                <line number="67" hits="1" branch="False" />
                <line number="68" hits="1" branch="False" />
                <line number="69" hits="1" branch="False" />
                <line number="71" hits="4" branch="False" />
              </lines>
            </method>
            <method name="CreateDefaultConfiguration" signature="()" line-rate="1" branch-rate="1" complexity="1">
              <lines>
                <line number="74" hits="7" branch="False" />
                <line number="75" hits="7" branch="False" />
                <line number="76" hits="7" branch="False" />
                <line number="77" hits="7" branch="False" />
                <line number="78" hits="7" branch="False" />
                <line number="79" hits="7" branch="False" />
                <line number="80" hits="7" branch="False" />
                <line number="81" hits="7" branch="False" />
                <line number="82" hits="7" branch="False" />
                <line number="83" hits="7" branch="False" />
                <line number="84" hits="7" branch="False" />
                <line number="85" hits="7" branch="False" />
                <line number="86" hits="7" branch="False" />
                <line number="87" hits="7" branch="False" />
                <line number="88" hits="7" branch="False" />
                <line number="89" hits="7" branch="False" />
                <line number="90" hits="7" branch="False" />
                <line number="91" hits="7" branch="False" />
                <line number="92" hits="7" branch="False" />
                <line number="93" hits="7" branch="False" />
                <line number="94" hits="7" branch="False" />
                <line number="95" hits="7" branch="False" />
                <line number="96" hits="7" branch="False" />
                <line number="97" hits="7" branch="False" />
                <line number="98" hits="7" branch="False" />
                <line number="99" hits="7" branch="False" />
                <line number="100" hits="7" branch="False" />
                <line number="101" hits="7" branch="False" />
                <line number="102" hits="7" branch="False" />
                <line number="103" hits="7" branch="False" />
                <line number="104" hits="7" branch="False" />
                <line number="105" hits="7" branch="False" />
                <line number="106" hits="7" branch="False" />
                <line number="107" hits="7" branch="False" />
                <line number="108" hits="7" branch="False" />
                <line number="109" hits="7" branch="False" />
                <line number="110" hits="7" branch="False" />
                <line number="111" hits="7" branch="False" />
                <line number="113" hits="7" branch="False" />
                <line number="114" hits="7" branch="False" />
              </lines>
            </method>
            <method name="SaveConfiguration" signature="(System.String,SystemUtilizationMonitor.Models.ConfigurationModel)" line-rate="1" branch-rate="0.75" complexity="4">
              <lines>
                <line number="117" hits="4" branch="False" />
                <line number="118" hits="4" branch="False" />
                <line number="119" hits="4" branch="True" condition-coverage="75% (3/4)">
                  <conditions>
                    <condition number="14" type="jump" coverage="50%" />
                    <condition number="36" type="jump" coverage="100%" />
                  </conditions>
                </line>
                <line number="120" hits="1" branch="False" />
                <line number="121" hits="1" branch="False" />
                <line number="122" hits="1" branch="False" />
                <line number="124" hits="4" branch="False" />
                <line number="125" hits="4" branch="False" />
                <line number="126" hits="4" branch="False" />
              </lines>
            </method>
            <method name=".ctor" signature="()" line-rate="1" branch-rate="1" complexity="1">
              <lines>
                <line number="47" hits="3" branch="False" />
              </lines>
            </method>
            <method name=".ctor" signature="(SystemUtilizationMonitor.Utilities.IFileSystemOperations)" line-rate="1" branch-rate="1" complexity="1">
              <lines>
                <line number="49" hits="7" branch="False" />
                <line number="50" hits="7" branch="False" />
                <line number="51" hits="7" branch="False" />
                <line number="52" hits="7" branch="False" />
              </lines>
            </method>
          </methods>
          <lines>
            <line number="55" hits="4" branch="False" />
            <line number="56" hits="4" branch="True" condition-coverage="100% (2/2)">
              <conditions>
                <condition number="18" type="jump" coverage="100%" />
              </conditions>
            </line>
            <line number="57" hits="1" branch="False" />
            <line number="58" hits="1" branch="False" />
            <line number="62" hits="3" branch="False" />
            <line number="63" hits="3" branch="False" />
            <line number="64" hits="3" branch="True" condition-coverage="50% (1/2)">
              <conditions>
                <condition number="52" type="jump" coverage="50%" />
              </conditions>
            </line>
            <line number="65" hits="3" branch="False" />
            <line number="67" hits="1" branch="False" />
            <line number="68" hits="1" branch="False" />
            <line number="69" hits="1" branch="False" />
            <line number="71" hits="4" branch="False" />
            <line number="74" hits="7" branch="False" />
            <line number="75" hits="7" branch="False" />
            <line number="76" hits="7" branch="False" />
            <line number="77" hits="7" branch="False" />
            <line number="78" hits="7" branch="False" />
            <line number="79" hits="7" branch="False" />
            <line number="80" hits="7" branch="False" />
            <line number="81" hits="7" branch="False" />
            <line number="82" hits="7" branch="False" />
            <line number="83" hits="7" branch="False" />
            <line number="84" hits="7" branch="False" />
            <line number="85" hits="7" branch="False" />
            <line number="86" hits="7" branch="False" />
            <line number="87" hits="7" branch="False" />
            <line number="88" hits="7" branch="False" />
            <line number="89" hits="7" branch="False" />
            <line number="90" hits="7" branch="False" />
            <line number="91" hits="7" branch="False" />
            <line number="92" hits="7" branch="False" />
            <line number="93" hits="7" branch="False" />
            <line number="94" hits="7" branch="False" />
            <line number="95" hits="7" branch="False" />
            <line number="96" hits="7" branch="False" />
            <line number="97" hits="7" branch="False" />
            <line number="98" hits="7" branch="False" />
            <line number="99" hits="7" branch="False" />
            <line number="100" hits="7" branch="False" />
            <line number="101" hits="7" branch="False" />
            <line number="102" hits="7" branch="False" />
            <line number="103" hits="7" branch="False" />
            <line number="104" hits="7" branch="False" />
            <line number="105" hits="7" branch="False" />
            <line number="106" hits="7" branch="False" />
            <line number="107" hits="7" branch="False" />
            <line number="108" hits="7" branch="False" />
            <line number="109" hits="7" branch="False" />
            <line number="110" hits="7" branch="False" />
            <line number="111" hits="7" branch="False" />
            <line number="113" hits="7" branch="False" />
            <line number="114" hits="7" branch="False" />
            <line number="117" hits="4" branch="False" />
            <line number="118" hits="4" branch="False" />
            <line number="119" hits="4" branch="True" condition-coverage="75% (3/4)">
              <conditions>
                <condition number="14" type="jump" coverage="50%" />
                <condition number="36" type="jump" coverage="100%" />
              </conditions>
            </line>
            <line number="120" hits="1" branch="False" />
            <line number="121" hits="1" branch="False" />
            <line number="122" hits="1" branch="False" />
            <line number="124" hits="4" branch="False" />
            <line number="125" hits="4" branch="False" />
            <line number="126" hits="4" branch="False" />
            <line number="47" hits="3" branch="False" />
            <line number="49" hits="7" branch="False" />
            <line number="50" hits="7" branch="False" />
            <line number="51" hits="7" branch="False" />
            <line number="52" hits="7" branch="False" />
          </lines>
        </class>
        <class name="SystemUtilizationMonitor.Utilities.TimeFrameRecorder" filename="Utilities\TestableWrappers.cs" line-rate="0.862" branch-rate="0.9375" complexity="19">
          <methods>
            <method name="RecordTimeFrame" signature="(SystemUtilizationMonitor.Models.UtilizationTimeFrame)" line-rate="0.7272" branch-rate="0.75" complexity="4">
              <lines>
                <line number="146" hits="9" branch="False" />
                <line number="147" hits="9" branch="True" condition-coverage="100% (2/2)">
                  <conditions>
                    <condition number="7" type="jump" coverage="100%" />
                  </conditions>
                </line>
                <line number="148" hits="1" branch="False" />
                <line number="150" hits="8" branch="True" condition-coverage="50% (1/2)">
                  <conditions>
                    <condition number="42" type="jump" coverage="50%" />
                  </conditions>
                </line>
                <line number="151" hits="0" branch="False" />
                <line number="152" hits="0" branch="False" />
                <line number="153" hits="0" branch="False" />
                <line number="155" hits="8" branch="False" />
                <line number="156" hits="8" branch="False" />
                <line number="158" hits="8" branch="False" />
                <line number="159" hits="8" branch="False" />
              </lines>
            </method>
            <method name="GetOutputFileName" signature="(SystemUtilizationMonitor.Models.UtilizationTimeFrame)" line-rate="1" branch-rate="1" complexity="1">
              <lines>
                <line number="162" hits="14" branch="False" />
                <line number="163" hits="14" branch="False" />
                <line number="164" hits="14" branch="False" />
                <line number="165" hits="14" branch="False" />
                <line number="167" hits="14" branch="False" />
                <line number="168" hits="14" branch="False" />
                <line number="169" hits="14" branch="False" />
              </lines>
            </method>
            <method name="SanitizeFileName" signature="(System.String)" line-rate="1" branch-rate="1" complexity="4">
              <lines>
                <line number="172" hits="28" branch="False" />
                <line number="173" hits="28" branch="True" condition-coverage="100% (2/2)">
                  <conditions>
                    <condition number="9" type="jump" coverage="100%" />
                  </conditions>
                </line>
                <line number="174" hits="2" branch="False" />
                <line number="176" hits="26" branch="False" />
                <line number="177" hits="2210" branch="True" condition-coverage="100% (2/2)">
                  <conditions>
                    <condition number="64" type="jump" coverage="100%" />
                  </conditions>
                </line>
                <line number="178" hits="1066" branch="False" />
                <line number="179" hits="1066" branch="False" />
                <line number="180" hits="1066" branch="False" />
                <line number="181" hits="26" branch="False" />
                <line number="182" hits="28" branch="False" />
              </lines>
            </method>
            <method name="LoadTimeFrames" signature="(System.String)" line-rate="0.8332999999999999" branch-rate="1" complexity="8">
              <lines>
                <line number="185" hits="4" branch="False" />
                <line number="186" hits="4" branch="True" condition-coverage="100% (2/2)">
                  <conditions>
                    <condition number="18" type="jump" coverage="100%" />
                  </conditions>
                </line>
                <line number="187" hits="1" branch="False" />
                <line number="190" hits="3" branch="False" />
                <line number="191" hits="3" branch="False" />
                <line number="192" hits="3" branch="False" />
                <line number="194" hits="23" branch="True" condition-coverage="100% (2/2)">
                  <conditions>
                    <condition number="133" type="jump" coverage="100%" />
                  </conditions>
                </line>
                <line number="195" hits="7" branch="False" />
                <line number="196" hits="7" branch="True" condition-coverage="100% (2/2)">
                  <conditions>
                    <condition number="77" type="jump" coverage="100%" />
                  </conditions>
                </line>
                <line number="197" hits="0" branch="False" />
                <line number="200" hits="7" branch="False" />
                <line number="201" hits="7" branch="False" />
                <line number="202" hits="5" branch="True" condition-coverage="100% (2/2)">
                  <conditions>
                    <condition number="101" type="jump" coverage="100%" />
                  </conditions>
                </line>
                <line number="203" hits="5" branch="False" />
                <line number="204" hits="5" branch="False" />
                <line number="205" hits="2" branch="False" />
                <line number="206" hits="2" branch="False" />
                <line number="208" hits="2" branch="False" />
                <line number="209" hits="7" branch="False" />
                <line number="211" hits="3" branch="False" />
                <line number="213" hits="0" branch="False" />
                <line number="214" hits="0" branch="False" />
                <line number="215" hits="0" branch="False" />
                <line number="217" hits="4" branch="False" />
              </lines>
            </method>
            <method name=".ctor" signature="(System.String)" line-rate="0" branch-rate="1" complexity="1">
              <lines>
                <line number="137" hits="0" branch="False" />
              </lines>
            </method>
            <method name=".ctor" signature="(System.String,SystemUtilizationMonitor.Utilities.IFileSystemOperations)" line-rate="1" branch-rate="1" complexity="1">
              <lines>
                <line number="139" hits="12" branch="False" />
                <line number="140" hits="12" branch="False" />
                <line number="141" hits="12" branch="False" />
                <line number="142" hits="12" branch="False" />
                <line number="143" hits="12" branch="False" />
              </lines>
            </method>
          </methods>
          <lines>
            <line number="146" hits="9" branch="False" />
            <line number="147" hits="9" branch="True" condition-coverage="100% (2/2)">
              <conditions>
                <condition number="7" type="jump" coverage="100%" />
              </conditions>
            </line>
            <line number="148" hits="1" branch="False" />
            <line number="150" hits="8" branch="True" condition-coverage="50% (1/2)">
              <conditions>
                <condition number="42" type="jump" coverage="50%" />
              </conditions>
            </line>
            <line number="151" hits="0" branch="False" />
            <line number="152" hits="0" branch="False" />
            <line number="153" hits="0" branch="False" />
            <line number="155" hits="8" branch="False" />
            <line number="156" hits="8" branch="False" />
            <line number="158" hits="8" branch="False" />
            <line number="159" hits="8" branch="False" />
            <line number="162" hits="14" branch="False" />
            <line number="163" hits="14" branch="False" />
            <line number="164" hits="14" branch="False" />
            <line number="165" hits="14" branch="False" />
            <line number="167" hits="14" branch="False" />
            <line number="168" hits="14" branch="False" />
            <line number="169" hits="14" branch="False" />
            <line number="172" hits="28" branch="False" />
            <line number="173" hits="28" branch="True" condition-coverage="100% (2/2)">
              <conditions>
                <condition number="9" type="jump" coverage="100%" />
              </conditions>
            </line>
            <line number="174" hits="2" branch="False" />
            <line number="176" hits="26" branch="False" />
            <line number="177" hits="2210" branch="True" condition-coverage="100% (2/2)">
              <conditions>
                <condition number="64" type="jump" coverage="100%" />
              </conditions>
            </line>
            <line number="178" hits="1066" branch="False" />
            <line number="179" hits="1066" branch="False" />
            <line number="180" hits="1066" branch="False" />
            <line number="181" hits="26" branch="False" />
            <line number="182" hits="28" branch="False" />
            <line number="185" hits="4" branch="False" />
            <line number="186" hits="4" branch="True" condition-coverage="100% (2/2)">
              <conditions>
                <condition number="18" type="jump" coverage="100%" />
              </conditions>
            </line>
            <line number="187" hits="1" branch="False" />
            <line number="190" hits="3" branch="False" />
            <line number="191" hits="3" branch="False" />
            <line number="192" hits="3" branch="False" />
            <line number="194" hits="23" branch="True" condition-coverage="100% (2/2)">
              <conditions>
                <condition number="133" type="jump" coverage="100%" />
              </conditions>
            </line>
            <line number="195" hits="7" branch="False" />
            <line number="196" hits="7" branch="True" condition-coverage="100% (2/2)">
              <conditions>
                <condition number="77" type="jump" coverage="100%" />
              </conditions>
            </line>
            <line number="197" hits="0" branch="False" />
            <line number="200" hits="7" branch="False" />
            <line number="201" hits="7" branch="False" />
            <line number="202" hits="5" branch="True" condition-coverage="100% (2/2)">
              <conditions>
                <condition number="101" type="jump" coverage="100%" />
              </conditions>
            </line>
            <line number="203" hits="5" branch="False" />
            <line number="204" hits="5" branch="False" />
            <line number="205" hits="2" branch="False" />
            <line number="206" hits="2" branch="False" />
            <line number="208" hits="2" branch="False" />
            <line number="209" hits="7" branch="False" />
            <line number="211" hits="3" branch="False" />
            <line number="213" hits="0" branch="False" />
            <line number="214" hits="0" branch="False" />
            <line number="215" hits="0" branch="False" />
            <line number="217" hits="4" branch="False" />
            <line number="137" hits="0" branch="False" />
            <line number="139" hits="12" branch="False" />
            <line number="140" hits="12" branch="False" />
            <line number="141" hits="12" branch="False" />
            <line number="142" hits="12" branch="False" />
            <line number="143" hits="12" branch="False" />
          </lines>
        </class>
        <class name="SystemUtilizationMonitor.Utilities.ProductDetector" filename="Utilities\TestableWrappers.cs" line-rate="0.36579999999999996" branch-rate="0.1666" complexity="15">
          <methods>
            <method name="DetectProduct" signature="()" line-rate="0.5384" branch-rate="0.3333" complexity="6">
              <lines>
                <line number="235" hits="1" branch="False" />
                <line number="237" hits="1" branch="False" />
                <line number="238" hits="1" branch="True" condition-coverage="50% (1/2)">
                  <conditions>
                    <condition number="21" type="jump" coverage="50%" />
                  </conditions>
                </line>
                <line number="239" hits="0" branch="False" />
                <line number="240" hits="0" branch="False" />
                <line number="241" hits="0" branch="True" condition-coverage="0% (0/2)">
                  <conditions>
                    <condition number="45" type="jump" coverage="0%" />
                  </conditions>
                </line>
                <line number="242" hits="0" branch="False" />
                <line number="243" hits="0" branch="False" />
                <line number="246" hits="1" branch="False" />
                <line number="247" hits="1" branch="True" condition-coverage="50% (1/2)">
                  <conditions>
                    <condition number="73" type="jump" coverage="50%" />
                  </conditions>
                </line>
                <line number="248" hits="0" branch="False" />
                <line number="250" hits="1" branch="False" />
                <line number="251" hits="1" branch="False" />
              </lines>
            </method>
            <method name="GetProductFromHDMX" signature="(System.String)" line-rate="0" branch-rate="0" complexity="6">
              <lines>
                <line number="254" hits="0" branch="False" />
                <line number="256" hits="0" branch="False" />
                <line number="257" hits="0" branch="False" />
                <line number="258" hits="0" branch="True" condition-coverage="0% (0/2)">
                  <conditions>
                    <condition number="28" type="jump" coverage="0%" />
                  </conditions>
                </line>
                <line number="259" hits="0" branch="False" />
                <line number="260" hits="0" branch="False" />
                <line number="262" hits="0" branch="True" condition-coverage="0% (0/2)">
                  <conditions>
                    <condition number="57" type="jump" coverage="0%" />
                  </conditions>
                </line>
                <line number="263" hits="0" branch="False" />
                <line number="264" hits="0" branch="False" />
                <line number="265" hits="0" branch="False" />
                <line number="266" hits="0" branch="False" />
                <line number="267" hits="0" branch="False" />
                <line number="268" hits="0" branch="True" condition-coverage="0% (0/2)">
                  <conditions>
                    <condition number="84" type="jump" coverage="0%" />
                  </conditions>
                </line>
                <line number="269" hits="0" branch="False" />
                <line number="270" hits="0" branch="False" />
                <line number="271" hits="0" branch="False" />
                <line number="272" hits="0" branch="False" />
                <line number="273" hits="0" branch="False" />
                <line number="274" hits="0" branch="False" />
                <line number="275" hits="0" branch="False" />
              </lines>
            </method>
            <method name="GetProductFromHST" signature="()" line-rate="1" branch-rate="1" complexity="1">
              <lines>
                <line number="278" hits="1" branch="False" />
                <line number="281" hits="1" branch="False" />
                <line number="282" hits="1" branch="False" />
              </lines>
            </method>
            <method name=".ctor" signature="()" line-rate="1" branch-rate="1" complexity="1">
              <lines>
                <line number="227" hits="3" branch="False" />
              </lines>
            </method>
            <method name=".ctor" signature="(SystemUtilizationMonitor.Utilities.IFileSystemOperations)" line-rate="1" branch-rate="1" complexity="1">
              <lines>
                <line number="229" hits="3" branch="False" />
                <line number="230" hits="3" branch="False" />
                <line number="231" hits="3" branch="False" />
                <line number="232" hits="3" branch="False" />
              </lines>
            </method>
          </methods>
          <lines>
            <line number="235" hits="1" branch="False" />
            <line number="237" hits="1" branch="False" />
            <line number="238" hits="1" branch="True" condition-coverage="50% (1/2)">
              <conditions>
                <condition number="21" type="jump" coverage="50%" />
              </conditions>
            </line>
            <line number="239" hits="0" branch="False" />
            <line number="240" hits="0" branch="False" />
            <line number="241" hits="0" branch="True" condition-coverage="0% (0/2)">
              <conditions>
                <condition number="45" type="jump" coverage="0%" />
              </conditions>
            </line>
            <line number="242" hits="0" branch="False" />
            <line number="243" hits="0" branch="False" />
            <line number="246" hits="1" branch="False" />
            <line number="247" hits="1" branch="True" condition-coverage="50% (1/2)">
              <conditions>
                <condition number="73" type="jump" coverage="50%" />
              </conditions>
            </line>
            <line number="248" hits="0" branch="False" />
            <line number="250" hits="1" branch="False" />
            <line number="251" hits="1" branch="False" />
            <line number="254" hits="0" branch="False" />
            <line number="256" hits="0" branch="False" />
            <line number="257" hits="0" branch="False" />
            <line number="258" hits="0" branch="True" condition-coverage="0% (0/2)">
              <conditions>
                <condition number="28" type="jump" coverage="0%" />
              </conditions>
            </line>
            <line number="259" hits="0" branch="False" />
            <line number="260" hits="0" branch="False" />
            <line number="262" hits="0" branch="True" condition-coverage="0% (0/2)">
              <conditions>
                <condition number="57" type="jump" coverage="0%" />
              </conditions>
            </line>
            <line number="263" hits="0" branch="False" />
            <line number="264" hits="0" branch="False" />
            <line number="265" hits="0" branch="False" />
            <line number="266" hits="0" branch="False" />
            <line number="267" hits="0" branch="False" />
            <line number="268" hits="0" branch="True" condition-coverage="0% (0/2)">
              <conditions>
                <condition number="84" type="jump" coverage="0%" />
              </conditions>
            </line>
            <line number="269" hits="0" branch="False" />
            <line number="270" hits="0" branch="False" />
            <line number="271" hits="0" branch="False" />
            <line number="272" hits="0" branch="False" />
            <line number="273" hits="0" branch="False" />
            <line number="274" hits="0" branch="False" />
            <line number="275" hits="0" branch="False" />
            <line number="278" hits="1" branch="False" />
            <line number="281" hits="1" branch="False" />
            <line number="282" hits="1" branch="False" />
            <line number="227" hits="3" branch="False" />
            <line number="229" hits="3" branch="False" />
            <line number="230" hits="3" branch="False" />
            <line number="231" hits="3" branch="False" />
            <line number="232" hits="3" branch="False" />
          </lines>
        </class>
        <class name="SystemUtilizationMonitor.Services.BaseBackgroundService" filename="Services\BaseBackgroundService.cs" line-rate="1" branch-rate="1" complexity="4">
          <methods>
            <method name="StartAsync" signature="(System.Threading.CancellationToken)" line-rate="1" branch-rate="1" complexity="2">
              <lines>
                <line number="14" hits="9" branch="False" />
                <line number="16" hits="9" branch="False" />
                <line number="19" hits="9" branch="True" condition-coverage="100% (2/2)">
                  <conditions>
                    <condition number="37" type="jump" coverage="100%" />
                  </conditions>
                </line>
                <line number="20" hits="1" branch="False" />
                <line number="21" hits="1" branch="False" />
                <line number="25" hits="8" branch="False" />
                <line number="26" hits="9" branch="False" />
              </lines>
            </method>
            <method name="Dispose" signature="()" line-rate="1" branch-rate="1" complexity="1">
              <lines>
                <line number="49" hits="10" branch="False" />
                <line number="50" hits="10" branch="False" />
                <line number="51" hits="9" branch="False" />
                <line number="52" hits="9" branch="False" />
              </lines>
            </method>
            <method name=".ctor" signature="()" line-rate="1" branch-rate="1" complexity="1">
              <lines>
                <line number="11" hits="12" branch="False" />
              </lines>
            </method>
          </methods>
          <lines>
            <line number="14" hits="9" branch="False" />
            <line number="16" hits="9" branch="False" />
            <line number="19" hits="9" branch="True" condition-coverage="100% (2/2)">
              <conditions>
                <condition number="37" type="jump" coverage="100%" />
              </conditions>
            </line>
            <line number="20" hits="1" branch="False" />
            <line number="21" hits="1" branch="False" />
            <line number="25" hits="8" branch="False" />
            <line number="26" hits="9" branch="False" />
            <line number="49" hits="10" branch="False" />
            <line number="50" hits="10" branch="False" />
            <line number="51" hits="9" branch="False" />
            <line number="52" hits="9" branch="False" />
            <line number="11" hits="12" branch="False" />
          </lines>
        </class>
        <class name="SystemUtilizationMonitor.Services.BaseBackgroundService/&lt;StopAsync&gt;d__3" filename="Services\BaseBackgroundService.cs" line-rate="1" branch-rate="1" complexity="2">
          <methods>
            <method name="MoveNext" signature="()" line-rate="1" branch-rate="1" complexity="2">
              <lines>
                <line number="29" hits="10" branch="False" />
                <line number="31" hits="10" branch="True" condition-coverage="100% (2/2)">
                  <conditions>
                    <condition number="34" type="jump" coverage="100%" />
                  </conditions>
                </line>
                <line number="32" hits="1" branch="False" />
                <line number="33" hits="1" branch="False" />
                <line number="37" hits="9" branch="False" />
                <line number="39" hits="9" branch="False" />
                <line number="40" hits="9" branch="False" />
                <line number="42" hits="9" branch="False" />
                <line number="44" hits="9" branch="False" />
                <line number="45" hits="9" branch="False" />
                <line number="46" hits="10" branch="False" />
              </lines>
            </method>
          </methods>
          <lines>
            <line number="29" hits="10" branch="False" />
            <line number="31" hits="10" branch="True" condition-coverage="100% (2/2)">
              <conditions>
                <condition number="34" type="jump" coverage="100%" />
              </conditions>
            </line>
            <line number="32" hits="1" branch="False" />
            <line number="33" hits="1" branch="False" />
            <line number="37" hits="9" branch="False" />
            <line number="39" hits="9" branch="False" />
            <line number="40" hits="9" branch="False" />
            <line number="42" hits="9" branch="False" />
            <line number="44" hits="9" branch="False" />
            <line number="45" hits="9" branch="False" />
            <line number="46" hits="10" branch="False" />
          </lines>
        </class>
        <class name="SystemUtilizationMonitor.Services.MonitoringSUM" filename="Services\MonitoringSUM.cs" line-rate="0.7676999999999999" branch-rate="0.7129000000000001" complexity="108">
          <methods>
            <method name="MonitoringFiles" signature="(SystemUtilizationMonitor.Models.UtilizationTimeFrame,SystemUtilizationMonitor.Models.ConfigurationModel,System.String)" line-rate="0.7676999999999999" branch-rate="0.7129000000000001" complexity="108">
              <lines>
                <line number="13" hits="17" branch="False" />
                <line number="15" hits="17" branch="False" />
                <line number="16" hits="17" branch="False" />
                <line number="18" hits="17" branch="False" />
                <line number="19" hits="17" branch="False" />
                <line number="21" hits="17" branch="False" />
                <line number="22" hits="17" branch="False" />
                <line number="24" hits="17" branch="False" />
                <line number="26" hits="17" branch="False" />
                <line number="27" hits="17" branch="False" />
                <line number="29" hits="17" branch="False" />
                <line number="30" hits="17" branch="False" />
                <line number="32" hits="17" branch="False" />
                <line number="34" hits="34" branch="True" condition-coverage="100% (2/2)">
                  <conditions>
                    <condition number="2769" type="jump" coverage="100%" />
                  </conditions>
                </line>
                <line number="35" hits="18" branch="False" />
                <line number="38" hits="18" branch="False" />
                <line number="40" hits="18" branch="False" />
                <line number="42" hits="92" branch="True" condition-coverage="100% (2/2)">
                  <conditions>
                    <condition number="286" type="jump" coverage="100%" />
                  </conditions>
                </line>
                <line number="43" hits="19" branch="False" />
                <line number="44" hits="19" branch="False" />
                <line number="45" hits="19" branch="False" />
                <line number="46" hits="19" branch="False" />
                <line number="47" hits="19" branch="False" />
                <line number="48" hits="19" branch="False" />
                <line number="49" hits="19" branch="False" />
                <line number="50" hits="19" branch="False" />
                <line number="51" hits="19" branch="False" />
                <line number="53" hits="18" branch="False" />
                <line number="55" hits="66" branch="True" condition-coverage="100% (2/2)">
                  <conditions>
                    <condition number="2658" type="jump" coverage="100%" />
                  </conditions>
                </line>
                <line number="56" hits="17" branch="False" />
                <line number="57" hits="17" branch="False" />
                <line number="59" hits="17" branch="True" condition-coverage="100% (2/2)">
                  <conditions>
                    <condition number="360" type="jump" coverage="100%" />
                  </conditions>
                </line>
                <line number="61" hits="17" branch="True" condition-coverage="100% (2/2)">
                  <conditions>
                    <condition number="464" type="jump" coverage="100%" />
                  </conditions>
                </line>
                <line number="62" hits="12" branch="False" />
                <line number="64" hits="14" branch="True" condition-coverage="100% (2/2)">
                  <conditions>
                    <condition number="481" type="jump" coverage="100%" />
                  </conditions>
                </line>
                <line number="65" hits="10" branch="False" />
                <line number="66" hits="10" branch="False" />
                <line number="68" hits="10" branch="True" condition-coverage="100% (2/2)">
                  <conditions>
                    <condition number="529" type="jump" coverage="100%" />
                  </conditions>
                </line>
                <line number="69" hits="1" branch="False" />
                <line number="70" hits="1" branch="False" />
                <line number="71" hits="1" branch="False" />
                <line number="73" hits="10" branch="True" condition-coverage="100% (2/2)">
                  <conditions>
                    <condition number="562" type="jump" coverage="100%" />
                  </conditions>
                </line>
                <line number="74" hits="1" branch="False" />
                <line number="75" hits="1" branch="False" />
                <line number="76" hits="1" branch="True" condition-coverage="50% (1/2)">
                  <conditions>
                    <condition number="625" type="jump" coverage="50%" />
                  </conditions>
                </line>
                <line number="77" hits="1" branch="False" />
                <line number="78" hits="1" branch="False" />
                <line number="79" hits="1" branch="False" />
                <line number="80" hits="1" branch="False" />
                <line number="81" hits="1" branch="False" />
                <line number="82" hits="1" branch="False" />
                <line number="83" hits="1" branch="False" />
                <line number="84" hits="1" branch="False" />
                <line number="85" hits="1" branch="False" />
                <line number="87" hits="10" branch="False" />
                <line number="88" hits="10" branch="False" />
                <line number="90" hits="10" branch="False" />
                <line number="91" hits="122" branch="True" condition-coverage="100% (2/2)">
                  <conditions>
                    <condition number="762" type="jump" coverage="100%" />
                  </conditions>
                </line>
                <line number="92" hits="46" branch="False" />
                <line number="93" hits="46" branch="True" condition-coverage="50% (1/2)">
                  <conditions>
                    <condition number="740" type="jump" coverage="50%" />
                  </conditions>
                </line>
                <line number="94" hits="0" branch="False" />
                <line number="95" hits="0" branch="False" />
                <line number="96" hits="0" branch="False" />
                <line number="97" hits="46" branch="False" />
                <line number="98" hits="10" branch="True" condition-coverage="50% (1/2)">
                  <conditions>
                    <condition number="801" type="jump" coverage="50%" />
                  </conditions>
                </line>
                <line number="99" hits="0" branch="False" />
                <line number="100" hits="0" branch="True" condition-coverage="0% (0/2)">
                  <conditions>
                    <condition number="844" type="jump" coverage="0%" />
                  </conditions>
                </line>
                <line number="101" hits="0" branch="False" />
                <line number="102" hits="0" branch="False" />
                <line number="103" hits="0" branch="False" />
                <line number="104" hits="0" branch="False" />
                <line number="106" hits="57" branch="False" />
                <line number="108" hits="10" branch="True" condition-coverage="100% (2/2)">
                  <conditions>
                    <condition number="936" type="jump" coverage="100%" />
                  </conditions>
                </line>
                <line number="109" hits="9" branch="False" />
                <line number="110" hits="9" branch="True" condition-coverage="50% (1/2)">
                  <conditions>
                    <condition number="992" type="jump" coverage="50%" />
                  </conditions>
                </line>
                <line number="111" hits="9" branch="False" />
                <line number="112" hits="9" branch="False" />
                <line number="113" hits="9" branch="False" />
                <line number="114" hits="9" branch="False" />
                <line number="115" hits="9" branch="False" />
                <line number="116" hits="9" branch="False" />
                <line number="117" hits="9" branch="False" />
                <line number="118" hits="9" branch="False" />
                <line number="119" hits="9" branch="False" />
                <line number="121" hits="10" branch="False" />
                <line number="123" hits="10" branch="False" />
                <line number="124" hits="10" branch="False" />
                <line number="126" hits="10" branch="False" />
                <line number="128" hits="10" branch="True" condition-coverage="100% (2/2)">
                  <conditions>
                    <condition number="1108" type="jump" coverage="100%" />
                  </conditions>
                </line>
                <line number="129" hits="9" branch="False" />
                <line number="131" hits="9" branch="True" condition-coverage="50% (1/2)">
                  <conditions>
                    <condition number="1124" type="jump" coverage="50%" />
                  </conditions>
                </line>
                <line number="132" hits="0" branch="False" />
                <line number="133" hits="0" branch="True" condition-coverage="0% (0/2)">
                  <conditions>
                    <condition number="1182" type="jump" coverage="0%" />
                  </conditions>
                </line>
                <line number="134" hits="0" branch="False" />
                <line number="136" hits="9" branch="True" condition-coverage="100% (2/2)">
                  <conditions>
                    <condition number="1227" type="jump" coverage="100%" />
                  </conditions>
                </line>
                <line number="137" hits="5" branch="False" />
                <line number="138" hits="5" branch="False" />
                <line number="139" hits="5" branch="False" />
                <line number="141" hits="9" branch="False" />
                <line number="142" hits="9" branch="True" condition-coverage="100% (2/2)">
                  <conditions>
                    <condition number="1271" type="jump" coverage="100%" />
                  </conditions>
                </line>
                <line number="143" hits="1" branch="False" />
                <line number="144" hits="1" branch="False" />
                <line number="146" hits="5" branch="True" condition-coverage="100% (2/2)">
                  <conditions>
                    <condition number="1437" type="jump" coverage="100%" />
                  </conditions>
                </line>
                <line number="147" hits="1" branch="False" />
                <line number="148" hits="1" branch="False" />
                <line number="149" hits="1" branch="True" condition-coverage="50% (1/2)">
                  <conditions>
                    <condition number="1337" type="jump" coverage="50%" />
                  </conditions>
                </line>
                <line number="150" hits="1" branch="False" />
                <line number="151" hits="1" branch="False" />
                <line number="153" hits="1" branch="False" />
                <line number="154" hits="1" branch="False" />
                <line number="155" hits="1" branch="False" />
                <line number="156" hits="1" branch="False" />
                <line number="158" hits="0" branch="False" />
                <line number="160" hits="0" branch="False" />
                <line number="161" hits="0" branch="False" />
                <line number="162" hits="0" branch="False" />
                <line number="163" hits="0" branch="False" />
                <line number="164" hits="1" branch="False" />
                <line number="165" hits="1" branch="False" />
                <line number="167" hits="32" branch="True" condition-coverage="100% (2/2)">
                  <conditions>
                    <condition number="1979" type="jump" coverage="100%" />
                  </conditions>
                </line>
                <line number="168" hits="7" branch="False" />
                <line number="169" hits="7" branch="False" />
                <line number="171" hits="7" branch="True" condition-coverage="100% (2/2)">
                  <conditions>
                    <condition number="1515" type="jump" coverage="100%" />
                  </conditions>
                </line>
                <line number="172" hits="7" branch="False" />
                <line number="174" hits="7" branch="False" />
                <line number="175" hits="7" branch="True" condition-coverage="100% (2/2)">
                  <conditions>
                    <condition number="1548" type="jump" coverage="100%" />
                  </conditions>
                </line>
                <line number="176" hits="4" branch="False" />
                <line number="178" hits="16" branch="True" condition-coverage="100% (2/2)">
                  <conditions>
                    <condition number="1799" type="jump" coverage="100%" />
                  </conditions>
                </line>
                <line number="179" hits="4" branch="False" />
                <line number="180" hits="4" branch="False" />
                <line number="181" hits="4" branch="True" condition-coverage="100% (2/2)">
                  <conditions>
                    <condition number="1597" type="jump" coverage="100%" />
                  </conditions>
                </line>
                <line number="182" hits="1" branch="False" />
                <line number="183" hits="1" branch="False" />
                <line number="184" hits="1" branch="True" condition-coverage="100% (2/2)">
                  <conditions>
                    <condition number="1625" type="jump" coverage="100%" />
                  </conditions>
                </line>
                <line number="185" hits="1" branch="False" />
                <line number="186" hits="4" branch="True" condition-coverage="100% (2/2)">
                  <conditions>
                    <condition number="1724" type="jump" coverage="100%" />
                  </conditions>
                </line>
                <line number="187" hits="2" branch="False" />
                <line number="188" hits="2" branch="False" />
                <line number="190" hits="2" branch="True" condition-coverage="100% (2/2)">
                  <conditions>
                    <condition number="1684" type="jump" coverage="100%" />
                  </conditions>
                </line>
                <line number="191" hits="1" branch="False" />
                <line number="192" hits="1" branch="False" />
                <line number="193" hits="1" branch="False" />
                <line number="194" hits="1" branch="False" />
                <line number="198" hits="1" branch="False" />
                <line number="199" hits="1" branch="False" />
                <line number="201" hits="1" branch="False" />
                <line number="202" hits="3" branch="True" condition-coverage="75% (3/4)">
                  <conditions>
                    <condition number="1742" type="jump" coverage="50%" />
                    <condition number="1770" type="jump" coverage="100%" />
                  </conditions>
                </line>
                <line number="203" hits="1" branch="False" />
                <line number="204" hits="1" branch="False" />
                <line number="205" hits="1" branch="False" />
                <line number="207" hits="4" branch="False" />
                <line number="209" hits="4" branch="False" />
                <line number="210" hits="7" branch="True" condition-coverage="100% (4/4)">
                  <conditions>
                    <condition number="1807" type="jump" coverage="100%" />
                    <condition number="1836" type="jump" coverage="100%" />
                  </conditions>
                </line>
                <line number="211" hits="3" branch="False" />
                <line number="213" hits="3" branch="False" />
                <line number="215" hits="15" branch="True" condition-coverage="100% (2/2)">
                  <conditions>
                    <condition number="1949" type="jump" coverage="100%" />
                  </conditions>
                </line>
                <line number="216" hits="3" branch="False" />
                <line number="217" hits="6" branch="True" condition-coverage="100% (4/4)">
                  <conditions>
                    <condition number="1889" type="jump" coverage="100%" />
                    <condition number="1929" type="jump" coverage="100%" />
                  </conditions>
                </line>
                <line number="218" hits="3" branch="False" />
                <line number="219" hits="3" branch="False" />
                <line number="220" hits="3" branch="False" />
                <line number="221" hits="3" branch="False" />
                <line number="222" hits="3" branch="False" />
                <line number="224" hits="7" branch="False" />
                <line number="226" hits="7" branch="False" />
                <line number="228" hits="9" branch="True" condition-coverage="100% (2/2)">
                  <conditions>
                    <condition number="1990" type="jump" coverage="100%" />
                  </conditions>
                </line>
                <line number="229" hits="8" branch="False" />
                <line number="230" hits="8" branch="False" />
                <line number="233" hits="8" branch="False" />
                <line number="235" hits="8" branch="False" />
                <line number="236" hits="1" branch="True" condition-coverage="50% (1/2)">
                  <conditions>
                    <condition number="2069" type="jump" coverage="50%" />
                  </conditions>
                </line>
                <line number="237" hits="0" branch="False" />
                <line number="238" hits="0" branch="True" condition-coverage="0% (0/2)">
                  <conditions>
                    <condition number="2087" type="jump" coverage="0%" />
                  </conditions>
                </line>
                <line number="240" hits="0" branch="False" />
                <line number="241" hits="0" branch="True" condition-coverage="0% (0/2)">
                  <conditions>
                    <condition number="2150" type="jump" coverage="0%" />
                  </conditions>
                </line>
                <line number="242" hits="0" branch="False" />
                <line number="243" hits="0" branch="True" condition-coverage="0% (0/2)">
                  <conditions>
                    <condition number="2286" type="jump" coverage="0%" />
                  </conditions>
                </line>
                <line number="244" hits="0" branch="False" />
                <line number="245" hits="0" branch="True" condition-coverage="0% (0/2)">
                  <conditions>
                    <condition number="2205" type="jump" coverage="0%" />
                  </conditions>
                </line>
                <line number="246" hits="0" branch="False" />
                <line number="248" hits="0" branch="False" />
                <line number="251" hits="0" branch="False" />
                <line number="252" hits="0" branch="False" />
                <line number="253" hits="0" branch="False" />
                <line number="255" hits="0" branch="False" />
                <line number="256" hits="0" branch="False" />
                <line number="257" hits="0" branch="False" />
                <line number="258" hits="0" branch="False" />
                <line number="259" hits="9" branch="True" condition-coverage="100% (2/2)">
                  <conditions>
                    <condition number="2299" type="jump" coverage="100%" />
                  </conditions>
                </line>
                <line number="260" hits="1" branch="False" />
                <line number="261" hits="1" branch="False" />
                <line number="262" hits="1" branch="False" />
                <line number="264" hits="9" branch="False" />
                <line number="266" hits="1" branch="False" />
                <line number="268" hits="1" branch="True" condition-coverage="50% (1/2)">
                  <conditions>
                    <condition number="2355" type="jump" coverage="50%" />
                  </conditions>
                </line>
                <line number="269" hits="0" branch="False" />
                <line number="271" hits="0" branch="False" />
                <line number="272" hits="0" branch="True" condition-coverage="0% (0/2)">
                  <conditions>
                    <condition number="2404" type="jump" coverage="0%" />
                  </conditions>
                </line>
                <line number="273" hits="0" branch="False" />
                <line number="274" hits="0" branch="True" condition-coverage="0% (0/2)">
                  <conditions>
                    <condition number="2522" type="jump" coverage="0%" />
                  </conditions>
                </line>
                <line number="275" hits="0" branch="False" />
                <line number="276" hits="0" branch="True" condition-coverage="0% (0/2)">
                  <conditions>
                    <condition number="2456" type="jump" coverage="0%" />
                  </conditions>
                </line>
                <line number="277" hits="0" branch="False" />
                <line number="278" hits="0" branch="False" />
                <line number="279" hits="0" branch="False" />
                <line number="281" hits="0" branch="False" />
                <line number="283" hits="0" branch="False" />
                <line number="284" hits="0" branch="False" />
                <line number="285" hits="0" branch="False" />
                <line number="287" hits="0" branch="True" condition-coverage="0% (0/2)">
                  <conditions>
                    <condition number="2534" type="jump" coverage="0%" />
                  </conditions>
                </line>
                <line number="288" hits="0" branch="False" />
                <line number="289" hits="0" branch="False" />
                <line number="290" hits="0" branch="False" />
                <line number="291" hits="0" branch="False" />
                <line number="293" hits="1" branch="False" />
                <line number="294" hits="1" branch="False" />
                <line number="295" hits="1" branch="False" />
                <line number="296" hits="1" branch="False" />
                <line number="298" hits="10" branch="False" />
                <line number="299" hits="10" branch="False" />
                <line number="301" hits="10" branch="False" />
                <line number="303" hits="5" branch="False" />
                <line number="304" hits="5" branch="False" />
                <line number="305" hits="5" branch="False" />
                <line number="306" hits="15" branch="False" />
                <line number="308" hits="16" branch="False" />
                <line number="310" hits="16" branch="False" />
                <line number="311" hits="2" branch="False" />
                <line number="312" hits="2" branch="False" />
                <line number="314" hits="2" branch="False" />
                <line number="316" hits="2" branch="True" condition-coverage="100% (2/2)">
                  <conditions>
                    <condition number="2713" type="jump" coverage="100%" />
                  </conditions>
                </line>
                <line number="317" hits="1" branch="False" />
                <line number="318" hits="1" branch="False" />
                <line number="319" hits="1" branch="False" />
                <line number="321" hits="2" branch="True" condition-coverage="100% (2/2)">
                  <conditions>
                    <condition number="2741" type="jump" coverage="100%" />
                  </conditions>
                </line>
                <line number="322" hits="1" branch="False" />
                <line number="323" hits="1" branch="False" />
                <line number="324" hits="0" branch="False" />
                <line number="326" hits="1" branch="False" />
                <line number="328" hits="1" branch="False" />
                <line number="330" hits="17" branch="False" />
                <line number="332" hits="16" branch="True" condition-coverage="50% (1/2)">
                  <conditions>
                    <condition number="2785" type="jump" coverage="50%" />
                  </conditions>
                </line>
                <line number="333" hits="16" branch="False" />
                <line number="335" hits="16" branch="True" condition-coverage="100% (2/2)">
                  <conditions>
                    <condition number="2826" type="jump" coverage="100%" />
                  </conditions>
                </line>
                <line number="336" hits="16" branch="False" />
                <line number="338" hits="16" branch="False" />
                <line number="339" hits="16" branch="False" />
                <line number="340" hits="16" branch="False" />
                <line number="342" hits="16" branch="False" />
                <line number="344" hits="0" branch="False" />
                <line number="345" hits="0" branch="False" />
                <line number="346" hits="0" branch="False" />
                <line number="348" hits="16" branch="False" />
                <line number="350" hits="16" branch="True" condition-coverage="50% (1/2)">
                  <conditions>
                    <condition number="2890" type="jump" coverage="50%" />
                  </conditions>
                </line>
                <line number="351" hits="0" branch="False" />
                <line number="352" hits="0" branch="False" />
                <line number="354" hits="0" branch="False" />
                <line number="355" hits="0" branch="False" />
                <line number="356" hits="0" branch="False" />
                <line number="358" hits="16" branch="False" />
                <line number="359" hits="16" branch="False" />
                <line number="361" hits="16" branch="False" />
                <line number="362" hits="16" branch="False" />
                <line number="364" hits="16" branch="False" />
                <line number="365" hits="16" branch="False" />
                <line number="367" hits="16" branch="False" />
                <line number="369" hits="16" branch="False" />
              </lines>
            </method>
          </methods>
          <lines>
            <line number="13" hits="17" branch="False" />
            <line number="15" hits="17" branch="False" />
            <line number="16" hits="17" branch="False" />
            <line number="18" hits="17" branch="False" />
            <line number="19" hits="17" branch="False" />
            <line number="21" hits="17" branch="False" />
            <line number="22" hits="17" branch="False" />
            <line number="24" hits="17" branch="False" />
            <line number="26" hits="17" branch="False" />
            <line number="27" hits="17" branch="False" />
            <line number="29" hits="17" branch="False" />
            <line number="30" hits="17" branch="False" />
            <line number="32" hits="17" branch="False" />
            <line number="34" hits="34" branch="True" condition-coverage="100% (2/2)">
              <conditions>
                <condition number="2769" type="jump" coverage="100%" />
              </conditions>
            </line>
            <line number="35" hits="18" branch="False" />
            <line number="38" hits="18" branch="False" />
            <line number="40" hits="18" branch="False" />
            <line number="42" hits="92" branch="True" condition-coverage="100% (2/2)">
              <conditions>
                <condition number="286" type="jump" coverage="100%" />
              </conditions>
            </line>
            <line number="43" hits="19" branch="False" />
            <line number="44" hits="19" branch="False" />
            <line number="45" hits="19" branch="False" />
            <line number="46" hits="19" branch="False" />
            <line number="47" hits="19" branch="False" />
            <line number="48" hits="19" branch="False" />
            <line number="49" hits="19" branch="False" />
            <line number="50" hits="19" branch="False" />
            <line number="51" hits="19" branch="False" />
            <line number="53" hits="18" branch="False" />
            <line number="55" hits="66" branch="True" condition-coverage="100% (2/2)">
              <conditions>
                <condition number="2658" type="jump" coverage="100%" />
              </conditions>
            </line>
            <line number="56" hits="17" branch="False" />
            <line number="57" hits="17" branch="False" />
            <line number="59" hits="17" branch="True" condition-coverage="100% (2/2)">
              <conditions>
                <condition number="360" type="jump" coverage="100%" />
              </conditions>
            </line>
            <line number="61" hits="17" branch="True" condition-coverage="100% (2/2)">
              <conditions>
                <condition number="464" type="jump" coverage="100%" />
              </conditions>
            </line>
            <line number="62" hits="12" branch="False" />
            <line number="64" hits="14" branch="True" condition-coverage="100% (2/2)">
              <conditions>
                <condition number="481" type="jump" coverage="100%" />
              </conditions>
            </line>
            <line number="65" hits="10" branch="False" />
            <line number="66" hits="10" branch="False" />
            <line number="68" hits="10" branch="True" condition-coverage="100% (2/2)">
              <conditions>
                <condition number="529" type="jump" coverage="100%" />
              </conditions>
            </line>
            <line number="69" hits="1" branch="False" />
            <line number="70" hits="1" branch="False" />
            <line number="71" hits="1" branch="False" />
            <line number="73" hits="10" branch="True" condition-coverage="100% (2/2)">
              <conditions>
                <condition number="562" type="jump" coverage="100%" />
              </conditions>
            </line>
            <line number="74" hits="1" branch="False" />
            <line number="75" hits="1" branch="False" />
            <line number="76" hits="1" branch="True" condition-coverage="50% (1/2)">
              <conditions>
                <condition number="625" type="jump" coverage="50%" />
              </conditions>
            </line>
            <line number="77" hits="1" branch="False" />
            <line number="78" hits="1" branch="False" />
            <line number="79" hits="1" branch="False" />
            <line number="80" hits="1" branch="False" />
            <line number="81" hits="1" branch="False" />
            <line number="82" hits="1" branch="False" />
            <line number="83" hits="1" branch="False" />
            <line number="84" hits="1" branch="False" />
            <line number="85" hits="1" branch="False" />
            <line number="87" hits="10" branch="False" />
            <line number="88" hits="10" branch="False" />
            <line number="90" hits="10" branch="False" />
            <line number="91" hits="122" branch="True" condition-coverage="100% (2/2)">
              <conditions>
                <condition number="762" type="jump" coverage="100%" />
              </conditions>
            </line>
            <line number="92" hits="46" branch="False" />
            <line number="93" hits="46" branch="True" condition-coverage="50% (1/2)">
              <conditions>
                <condition number="740" type="jump" coverage="50%" />
              </conditions>
            </line>
            <line number="94" hits="0" branch="False" />
            <line number="95" hits="0" branch="False" />
            <line number="96" hits="0" branch="False" />
            <line number="97" hits="46" branch="False" />
            <line number="98" hits="10" branch="True" condition-coverage="50% (1/2)">
              <conditions>
                <condition number="801" type="jump" coverage="50%" />
              </conditions>
            </line>
            <line number="99" hits="0" branch="False" />
            <line number="100" hits="0" branch="True" condition-coverage="0% (0/2)">
              <conditions>
                <condition number="844" type="jump" coverage="0%" />
              </conditions>
            </line>
            <line number="101" hits="0" branch="False" />
            <line number="102" hits="0" branch="False" />
            <line number="103" hits="0" branch="False" />
            <line number="104" hits="0" branch="False" />
            <line number="106" hits="57" branch="False" />
            <line number="108" hits="10" branch="True" condition-coverage="100% (2/2)">
              <conditions>
                <condition number="936" type="jump" coverage="100%" />
              </conditions>
            </line>
            <line number="109" hits="9" branch="False" />
            <line number="110" hits="9" branch="True" condition-coverage="50% (1/2)">
              <conditions>
                <condition number="992" type="jump" coverage="50%" />
              </conditions>
            </line>
            <line number="111" hits="9" branch="False" />
            <line number="112" hits="9" branch="False" />
            <line number="113" hits="9" branch="False" />
            <line number="114" hits="9" branch="False" />
            <line number="115" hits="9" branch="False" />
            <line number="116" hits="9" branch="False" />
            <line number="117" hits="9" branch="False" />
            <line number="118" hits="9" branch="False" />
            <line number="119" hits="9" branch="False" />
            <line number="121" hits="10" branch="False" />
            <line number="123" hits="10" branch="False" />
            <line number="124" hits="10" branch="False" />
            <line number="126" hits="10" branch="False" />
            <line number="128" hits="10" branch="True" condition-coverage="100% (2/2)">
              <conditions>
                <condition number="1108" type="jump" coverage="100%" />
              </conditions>
            </line>
            <line number="129" hits="9" branch="False" />
            <line number="131" hits="9" branch="True" condition-coverage="50% (1/2)">
              <conditions>
                <condition number="1124" type="jump" coverage="50%" />
              </conditions>
            </line>
            <line number="132" hits="0" branch="False" />
            <line number="133" hits="0" branch="True" condition-coverage="0% (0/2)">
              <conditions>
                <condition number="1182" type="jump" coverage="0%" />
              </conditions>
            </line>
            <line number="134" hits="0" branch="False" />
            <line number="136" hits="9" branch="True" condition-coverage="100% (2/2)">
              <conditions>
                <condition number="1227" type="jump" coverage="100%" />
              </conditions>
            </line>
            <line number="137" hits="5" branch="False" />
            <line number="138" hits="5" branch="False" />
            <line number="139" hits="5" branch="False" />
            <line number="141" hits="9" branch="False" />
            <line number="142" hits="9" branch="True" condition-coverage="100% (2/2)">
              <conditions>
                <condition number="1271" type="jump" coverage="100%" />
              </conditions>
            </line>
            <line number="143" hits="1" branch="False" />
            <line number="144" hits="1" branch="False" />
            <line number="146" hits="5" branch="True" condition-coverage="100% (2/2)">
              <conditions>
                <condition number="1437" type="jump" coverage="100%" />
              </conditions>
            </line>
            <line number="147" hits="1" branch="False" />
            <line number="148" hits="1" branch="False" />
            <line number="149" hits="1" branch="True" condition-coverage="50% (1/2)">
              <conditions>
                <condition number="1337" type="jump" coverage="50%" />
              </conditions>
            </line>
            <line number="150" hits="1" branch="False" />
            <line number="151" hits="1" branch="False" />
            <line number="153" hits="1" branch="False" />
            <line number="154" hits="1" branch="False" />
[...]
              </lines>
            </method>
            <method name=".ctor" signature="()" line-rate="1" branch-rate="1" complexity="1">
              <lines>
                <line number="48" hits="55" branch="False" />
                <line number="49" hits="55" branch="False" />
                <line number="50" hits="55" branch="False" />
                <line number="51" hits="55" branch="False" />
              </lines>
            </method>
          </methods>
          <lines>
            <line number="46" hits="79" branch="False" />
            <line number="48" hits="55" branch="False" />
            <line number="49" hits="55" branch="False" />
            <line number="50" hits="55" branch="False" />
            <line number="51" hits="55" branch="False" />
          </lines>
        </class>
        <class name="SystemUtilizationMonitor.Models.MouseConfig" filename="Models\DataModel.cs" line-rate="1" branch-rate="1" complexity="6">
          <methods>
            <method name="get_WM_LBUTTONDOWN" signature="()" line-rate="1" branch-rate="1" complexity="1">
              <lines>
                <line number="56" hits="16" branch="False" />
              </lines>
            </method>
            <method name="get_WM_RBUTTONDOWN" signature="()" line-rate="1" branch-rate="1" complexity="1">
              <lines>
                <line number="57" hits="16" branch="False" />
              </lines>
            </method>
            <method name="get_WM_MBUTTONDOWN" signature="()" line-rate="1" branch-rate="1" complexity="1">
              <lines>
                <line number="58" hits="15" branch="False" />
              </lines>
            </method>
            <method name="get_WM_MOUSEMOVE" signature="()" line-rate="1" branch-rate="1" complexity="1">
              <lines>
                <line number="59" hits="15" branch="False" />
              </lines>
            </method>
            <method name="get_WM_MOUSEWHEEL" signature="()" line-rate="1" branch-rate="1" complexity="1">
              <lines>
                <line number="60" hits="15" branch="False" />
              </lines>
            </method>
            <method name="get_MouseMoveThrottleMs" signature="()" line-rate="1" branch-rate="1" complexity="1">
              <lines>
                <line number="61" hits="17" branch="False" />
              </lines>
            </method>
          </methods>
          <lines>
            <line number="56" hits="16" branch="False" />
            <line number="57" hits="16" branch="False" />
            <line number="58" hits="15" branch="False" />
            <line number="59" hits="15" branch="False" />
            <line number="60" hits="15" branch="False" />
            <line number="61" hits="17" branch="False" />
          </lines>
        </class>
        <class name="SystemUtilizationMonitor.Models.KeyboardConfig" filename="Models\DataModel.cs" line-rate="1" branch-rate="1" complexity="2">
          <methods>
            <method name="get_WM_KEYDOWN" signature="()" line-rate="1" branch-rate="1" complexity="1">
              <lines>
                <line number="68" hits="17" branch="False" />
              </lines>
            </method>
            <method name="get_WM_SYSKEYDOWN" signature="()" line-rate="1" branch-rate="1" complexity="1">
              <lines>
                <line number="69" hits="16" branch="False" />
              </lines>
            </method>
          </methods>
          <lines>
            <line number="68" hits="17" branch="False" />
            <line number="69" hits="16" branch="False" />
          </lines>
        </class>
        <class name="SystemUtilizationMonitor.Models.HookConfig" filename="Models\DataModel.cs" line-rate="1" branch-rate="1" complexity="2">
          <methods>
            <method name="get_WH_KEYBOARD_LL" signature="()" line-rate="1" branch-rate="1" complexity="1">
              <lines>
                <line number="76" hits="17" branch="False" />
              </lines>
            </method>
            <method name="get_WH_MOUSE_LL" signature="()" line-rate="1" branch-rate="1" complexity="1">
              <lines>
                <line number="77" hits="16" branch="False" />
              </lines>
            </method>
          </methods>
          <lines>
            <line number="76" hits="17" branch="False" />
            <line number="77" hits="16" branch="False" />
          </lines>
        </class>
        <class name="SystemUtilizationMonitor.Models.MonitorTxtConfig" filename="Models\DataModel.cs" line-rate="1" branch-rate="1" complexity="5">
          <methods>
            <method name="get_FilePath" signature="()" line-rate="1" branch-rate="1" complexity="1">
              <lines>
                <line number="84" hits="42" branch="False" />
              </lines>
            </method>
            <method name="get_NoContent" signature="()" line-rate="1" branch-rate="1" complexity="1">
              <lines>
                <line number="85" hits="41" branch="False" />
              </lines>
            </method>
            <method name="get_Skip" signature="()" line-rate="1" branch-rate="1" complexity="1">
              <lines>
                <line number="86" hits="41" branch="False" />
              </lines>
            </method>
            <method name="get_FormatDate" signature="()" line-rate="1" branch-rate="1" complexity="1">
              <lines>
                <line number="87" hits="41" branch="False" />
              </lines>
            </method>
            <method name="get_LastlineContent" signature="()" line-rate="1" branch-rate="1" complexity="1">
              <lines>
                <line number="88" hits="41" branch="False" />
              </lines>
            </method>
          </methods>
          <lines>
            <line number="84" hits="42" branch="False" />
            <line number="85" hits="41" branch="False" />
            <line number="86" hits="41" branch="False" />
            <line number="87" hits="41" branch="False" />
            <line number="88" hits="41" branch="False" />
          </lines>
        </class>
        <class name="SystemUtilizationMonitor.Models.SumPORConfig" filename="Models\DataModel.cs" line-rate="1" branch-rate="1" complexity="5">
          <methods>
            <method name="get_ShouldReadLogFiles" signature="()" line-rate="1" branch-rate="1" complexity="1">
              <lines>
                <line number="93" hits="18" branch="False" />
              </lines>
            </method>
            <method name="get_Debug" signature="()" line-rate="1" branch-rate="1" complexity="1">
              <lines>
                <line number="94" hits="76" branch="False" />
              </lines>
            </method>
            <method name="get_ProductLogPath" signature="()" line-rate="1" branch-rate="1" complexity="1">
              <lines>
                <line number="95" hits="17" branch="False" />
              </lines>
            </method>
            <method name="get_Args" signature="()" line-rate="1" branch-rate="1" complexity="1">
              <lines>
                <line number="96" hits="61" branch="False" />
              </lines>
            </method>
            <method name=".ctor" signature="()" line-rate="1" branch-rate="1" complexity="1">
              <lines>
                <line number="98" hits="54" branch="False" />
                <line number="99" hits="54" branch="False" />
                <line number="100" hits="54" branch="False" />
                <line number="101" hits="54" branch="False" />
                <line number="103" hits="54" branch="False" />
              </lines>
            </method>
          </methods>
          <lines>
            <line number="93" hits="18" branch="False" />
            <line number="94" hits="76" branch="False" />
            <line number="95" hits="17" branch="False" />
            <line number="96" hits="61" branch="False" />
            <line number="98" hits="54" branch="False" />
            <line number="99" hits="54" branch="False" />
            <line number="100" hits="54" branch="False" />
            <line number="101" hits="54" branch="False" />
            <line number="103" hits="54" branch="False" />
          </lines>
        </class>
        <class name="SystemUtilizationMonitor.Models.ArgsConfig" filename="Models\DataModel.cs" line-rate="1" branch-rate="1" complexity="4">
          <methods>
            <method name="get_RollingInterval" signature="()" line-rate="1" branch-rate="1" complexity="1">
              <lines>
                <line number="108" hits="65" branch="False" />
              </lines>
            </method>
            <method name="get_RetainedFileCountLimit" signature="()" line-rate="1" branch-rate="1" complexity="1">
              <lines>
                <line number="109" hits="65" branch="False" />
              </lines>
            </method>
            <method name="get_OutputTemplate" signature="()" line-rate="1" branch-rate="1" complexity="1">
              <lines>
                <line number="110" hits="65" branch="False" />
              </lines>
            </method>
            <method name=".ctor" signature="()" line-rate="1" branch-rate="1" complexity="1">
              <lines>
                <line number="112" hits="56" branch="False" />
                <line number="113" hits="56" branch="False" />
                <line number="114" hits="56" branch="False" />
                <line number="115" hits="56" branch="False" />
                <line number="116" hits="56" branch="False" />
                <line number="117" hits="56" branch="False" />
              </lines>
            </method>
          </methods>
          <lines>
            <line number="108" hits="65" branch="False" />
            <line number="109" hits="65" branch="False" />
            <line number="110" hits="65" branch="False" />
            <line number="112" hits="56" branch="False" />
            <line number="113" hits="56" branch="False" />
            <line number="114" hits="56" branch="False" />
            <line number="115" hits="56" branch="False" />
            <line number="116" hits="56" branch="False" />
            <line number="117" hits="56" branch="False" />
          </lines>
        </class>
        <class name="SystemUtilizationMonitor.Models.DataModelConfig" filename="Models\DataModel.cs" line-rate="1" branch-rate="1" complexity="5">
          <methods>
            <method name="get_FilePath" signature="()" line-rate="1" branch-rate="1" complexity="1">
              <lines>
                <line number="123" hits="94" branch="False" />
              </lines>
            </method>
            <method name="get_NoContent" signature="()" line-rate="1" branch-rate="1" complexity="1">
              <lines>
                <line number="124" hits="38" branch="False" />
              </lines>
            </method>
            <method name="get_Skip" signature="()" line-rate="1" branch-rate="1" complexity="1">
              <lines>
                <line number="125" hits="47" branch="False" />
              </lines>
            </method>
            <method name="get_FormatDate" signature="()" line-rate="1" branch-rate="1" complexity="1">
              <lines>
                <line number="126" hits="46" branch="False" />
              </lines>
            </method>
            <method name="get_LastlineContent" signature="()" line-rate="1" branch-rate="1" complexity="1">
              <lines>
                <line number="127" hits="23" branch="False" />
              </lines>
            </method>
          </methods>
          <lines>
            <line number="123" hits="94" branch="False" />
            <line number="124" hits="38" branch="False" />
            <line number="125" hits="47" branch="False" />
            <line number="126" hits="46" branch="False" />
            <line number="127" hits="23" branch="False" />
          </lines>
        </class>
        <class name="SystemUtilizationMonitor.Models.DataModelStorage" filename="Models\DataModel.cs" line-rate="1" branch-rate="1" complexity="4">
          <methods>
            <method name="get_FilePath" signature="()" line-rate="1" branch-rate="1" complexity="1">
              <lines>
                <line number="132" hits="260" branch="False" />
              </lines>
            </method>
            <method name="get_LastWriteTime" signature="()" line-rate="1" branch-rate="1" complexity="1">
              <lines>
                <line number="133" hits="178" branch="False" />
              </lines>
            </method>
            <method name="get_NumlastLineWroteStorage" signature="()" line-rate="1" branch-rate="1" complexity="1">
              <lines>
                <line number="134" hits="188" branch="False" />
              </lines>
            </method>
            <method name="get_LastlineContent" signature="()" line-rate="1" branch-rate="1" complexity="1">
              <lines>
                <line number="135" hits="158" branch="False" />
              </lines>
            </method>
          </methods>
          <lines>
            <line number="132" hits="260" branch="False" />
            <line number="133" hits="178" branch="False" />
            <line number="134" hits="188" branch="False" />
            <line number="135" hits="158" branch="False" />
          </lines>
        </class>
        <class name="SystemUtilizationMonitor.Models.DataModelSkip" filename="Models\DataModel.cs" line-rate="1" branch-rate="1" complexity="2">
          <methods>
            <method name="get_From" signature="()" line-rate="1" branch-rate="1" complexity="1">
              <lines>
                <line number="140" hits="7" branch="False" />
              </lines>
            </method>
            <method name="get_To" signature="()" line-rate="1" branch-rate="1" complexity="1">
              <lines>
                <line number="141" hits="12" branch="False" />
              </lines>
            </method>
          </methods>
          <lines>
            <line number="140" hits="7" branch="False" />
            <line number="141" hits="12" branch="False" />
          </lines>
        </class>
        <class name="SystemUtilizationMonitor.Models.UtilizationTimeFrame" filename="Models\DataModel.cs" line-rate="1" branch-rate="1" complexity="8">
          <methods>
            <method name="get_StartTime" signature="()" line-rate="1" branch-rate="1" complexity="1">
              <lines>
                <line number="146" hits="69" branch="False" />
              </lines>
            </method>
            <method name="get_EndTime" signature="()" line-rate="1" branch-rate="1" complexity="1">
              <lines>
                <line number="147" hits="53" branch="False" />
              </lines>
            </method>
            <method name="get_MouseEvents" signature="()" line-rate="1" branch-rate="1" complexity="1">
              <lines>
                <line number="148" hits="42" branch="False" />
              </lines>
            </method>
            <method name="get_KeyboardEvents" signature="()" line-rate="1" branch-rate="1" complexity="1">
              <lines>
                <line number="149" hits="38" branch="False" />
              </lines>
            </method>
            <method name="get_FileChanges" signature="()" line-rate="1" branch-rate="1" complexity="1">
              <lines>
                <line number="151" hits="97" branch="False" />
              </lines>
            </method>
            <method name="get_Product" signature="()" line-rate="1" branch-rate="1" complexity="1">
              <lines>
                <line number="152" hits="118" branch="False" />
              </lines>
            </method>
            <method name="get_MachineName" signature="()" line-rate="1" branch-rate="1" complexity="1">
              <lines>
                <line number="153" hits="121" branch="False" />
              </lines>
            </method>
            <method name=".ctor" signature="()" line-rate="1" branch-rate="1" complexity="1">
              <lines>
                <line number="155" hits="45" branch="False" />
                <line number="156" hits="45" branch="False" />
                <line number="157" hits="45" branch="False" />
                <line number="158" hits="45" branch="False" />
                <line number="159" hits="45" branch="False" />
                <line number="160" hits="45" branch="False" />
              </lines>
            </method>
          </methods>
          <lines>
            <line number="146" hits="69" branch="False" />
            <line number="147" hits="53" branch="False" />
            <line number="148" hits="42" branch="False" />
            <line number="149" hits="38" branch="False" />
            <line number="151" hits="97" branch="False" />
            <line number="152" hits="118" branch="False" />
            <line number="153" hits="121" branch="False" />
            <line number="155" hits="45" branch="False" />
            <line number="156" hits="45" branch="False" />
            <line number="157" hits="45" branch="False" />
            <line number="158" hits="45" branch="False" />
            <line number="159" hits="45" branch="False" />
            <line number="160" hits="45" branch="False" />
          </lines>
        </class>
        <class name="SystemUtilizationMonitor.Models.MonitorConfiguration" filename="Models\DataModel.cs" line-rate="1" branch-rate="1" complexity="3">
          <methods>
            <method name="get_RecordInterval" signature="()" line-rate="1" branch-rate="1" complexity="1">
              <lines>
                <line number="165" hits="9" branch="False" />
              </lines>
            </method>
            <method name="get_DirectoriesToWatch" signature="()" line-rate="1" branch-rate="1" complexity="1">
              <lines>
                <line number="166" hits="14" branch="False" />
              </lines>
            </method>
            <method name=".ctor" signature="()" line-rate="1" branch-rate="1" complexity="1">
              <lines>
                <line number="168" hits="4" branch="False" />
                <line number="169" hits="4" branch="False" />
                <line number="170" hits="4" branch="False" />
                <line number="171" hits="4" branch="False" />
                <line number="172" hits="4" branch="False" />
              </lines>
            </method>
          </methods>
          <lines>
            <line number="165" hits="9" branch="False" />
            <line number="166" hits="14" branch="False" />
            <line number="168" hits="4" branch="False" />
            <line number="169" hits="4" branch="False" />
            <line number="170" hits="4" branch="False" />
            <line number="171" hits="4" branch="False" />
            <line number="172" hits="4" branch="False" />
          </lines>
        </class>
        <class name="SystemUtilizationMonitor.Models.DirectoryWatch" filename="Models\DataModel.cs" line-rate="1" branch-rate="1" complexity="2">
          <methods>
            <method name="get_Path" signature="()" line-rate="1" branch-rate="1" complexity="1">
              <lines>
                <line number="177" hits="8" branch="False" />
              </lines>
            </method>
            <method name="get_Filter" signature="()" line-rate="1" branch-rate="1" complexity="1">
              <lines>
                <line number="178" hits="8" branch="False" />
              </lines>
            </method>
          </methods>
          <lines>
            <line number="177" hits="8" branch="False" />
            <line number="178" hits="8" branch="False" />
          </lines>
        </class>
      </classes>
    </package>
  </packages>
</coverage>